0 info it worked if it ends with ok
1 verbose cli [ '/usr/local/bin/node', '/usr/local/bin/npm', 'run', 'nit' ]
2 info using npm@3.3.6
3 info using node@v5.0.0
4 verbose stack Error: missing script: nit
4 verbose stack     at run (/usr/local/lib/node_modules/npm/lib/run-script.js:148:19)
4 verbose stack     at /usr/local/lib/node_modules/npm/lib/run-script.js:58:5
4 verbose stack     at /usr/local/lib/node_modules/npm/node_modules/read-package-json/read-json.js:345:5
4 verbose stack     at checkBinReferences_ (/usr/local/lib/node_modules/npm/node_modules/read-package-json/read-json.js:309:45)
4 verbose stack     at final (/usr/local/lib/node_modules/npm/node_modules/read-package-json/read-json.js:343:3)
4 verbose stack     at then (/usr/local/lib/node_modules/npm/node_modules/read-package-json/read-json.js:113:5)
4 verbose stack     at /usr/local/lib/node_modules/npm/node_modules/read-package-json/read-json.js:300:12
4 verbose stack     at tryToString (evalmachine.<anonymous>:414:3)
4 verbose stack     at FSReqWrap.readFileAfterClose [as oncomplete] (evalmachine.<anonymous>:401:12)
5 verbose cwd /Users/spikelny/Desktop/projects/es6-skel
6 error Darwin 14.1.0
7 error argv "/usr/local/bin/node" "/usr/local/bin/npm" "run" "nit"
8 error node v5.0.0
9 error npm  v3.3.6
10 error missing script: nit
11 error If you need help, you may report this error at:
11 error     <https://github.com/npm/npm/issues>
12 verbose exit [ 1, true ]
